<?xml version="1.0" encoding="UTF-8"?>
<testng-results ignored="0" total="14" passed="12" failed="2" skipped="0">
  <reporter-output>
    <line>
      <![CDATA[Test to Validate if user is able to launch Ds-algo Home page:]]>
    </line>
    <line>
      <![CDATA[User successfully navigated to home page]]>
    </line>
    <line>
      <![CDATA[Test to Validate if user is able to login and launch the Linked List page by clicking GET STARTED button:]]>
    </line>
    <line>
      <![CDATA[User successfully navigated to Login Page]]>
    </line>
    <line>
      <![CDATA[Login Button clicked successfully]]>
    </line>
    <line>
      <![CDATA[Get Started button clicked successfully]]>
    </line>
    <line>
      <![CDATA[User successfully navigated to Linked List Page by clicking Get Started Button]]>
    </line>
    <line>
      <![CDATA[Test to Validate if user is able to login and launch the Linked List page by selecting the topic from dropdown:]]>
    </line>
    <line>
      <![CDATA[Linked list topic successfully selected from dropdown]]>
    </line>
    <line>
      <![CDATA[User successfully navigated to Linked List Page by selecting from dropdown]]>
    </line>
    <line>
      <![CDATA[Test to validate if user is able to logout from Linked List page:]]>
    </line>
    <line>
      <![CDATA[Test to Validate if user is able to launch Ds-algo Home page:]]>
    </line>
    <line>
      <![CDATA[User successfully navigated to home page]]>
    </line>
    <line>
      <![CDATA[Test to Validate if user is able to login and launch the Linked List page by clicking GET STARTED button:]]>
    </line>
    <line>
      <![CDATA[User successfully navigated to Login Page]]>
    </line>
    <line>
      <![CDATA[Login Button clicked successfully]]>
    </line>
    <line>
      <![CDATA[Get Started button clicked successfully]]>
    </line>
    <line>
      <![CDATA[User successfully navigated to Linked List Page by clicking Get Started Button]]>
    </line>
    <line>
      <![CDATA[Test to validate if user is able to launch the Introduction page from linked list]]>
    </line>
    <line>
      <![CDATA[Introduction link clicked successfully]]>
    </line>
    <line>
      <![CDATA[User successfully navigated to Linked List Introduction page.]]>
    </line>
    <line>
      <![CDATA[User successfully navigated to Creating Linked List page from Introduction page.]]>
    </line>
    <line>
      <![CDATA[Test to validate if user able to launch Try Editor Page]]>
    </line>
    <line>
      <![CDATA[Try Here Button clicked successfully]]>
    </line>
    <line>
      <![CDATA[User successfully navigated to Editor Page/Assessment page.]]>
    </line>
    <line>
      <![CDATA[Test to validate if alert popped if user tries to run without enterig code]]>
    </line>
    <line>
      <![CDATA[Run Button clicked successfully]]>
    </line>
    <line>
      <![CDATA[Test to validate if user able to enter valid code , click Run and see the output]]>
    </line>
    <line>
      <![CDATA[Code is written successfully in the editor form]]>
    </line>
    <line>
      <![CDATA[Run Button clicked successfully]]>
    </line>
    <line>
      <![CDATA[Output for the code is displayed successfully]]>
    </line>
    <line>
      <![CDATA[Test to validate if alert is popped when user tries to run invalid code]]>
    </line>
    <line>
      <![CDATA[Code is written successfully in the editor form]]>
    </line>
    <line>
      <![CDATA[Run Button clicked successfully]]>
    </line>
    <line>
      <![CDATA[Alert is popped successfully]]>
    </line>
    <line>
      <![CDATA[User successfully navigated to Practice questions Page.]]>
    </line>
    <line>
      <![CDATA[Test to validate if user is able to logout from Linked List introduction page:]]>
    </line>
    <line>
      <![CDATA[Navigating back to Introduction page]]>
    </line>
    <line>
      <![CDATA[User is logged out Successfully from Linked List Introduction Page]]>
    </line>
  </reporter-output>
  <suite started-at="2021-11-08T22:49:24Z" name="Suite" finished-at="2021-11-08T22:50:43Z" duration-ms="79492">
    <groups>
    </groups>
    <test started-at="2021-11-08T22:49:24Z" name="dsalgo-linkedlistTestintro" finished-at="2021-11-08T22:50:43Z" duration-ms="79492">
      <class name="com.numpy_ninja.dsalgo.tests.linkedlist">
        <test-method is-config="true" signature="beforemethod()[pri:0, instance:com.numpy_ninja.dsalgo.tests.linkedlist@1755e85b]" started-at="2021-11-08T22:49:24Z" name="beforemethod" finished-at="2021-11-08T22:49:29Z" duration-ms="5240" status="PASS">
          <reporter-output>
          </reporter-output>
        </test-method> <!-- beforemethod -->
        <test-method is-config="true" signature="beforetest()[pri:0, instance:com.numpy_ninja.dsalgo.tests.linkedlist_Introduction_Test@17cdf2d0]" started-at="2021-11-08T22:49:29Z" name="beforetest" finished-at="2021-11-08T22:49:34Z" duration-ms="4539" status="PASS">
          <reporter-output>
          </reporter-output>
        </test-method> <!-- beforetest -->
        <test-method signature="linkedlist_testcase1()[pri:0, instance:com.numpy_ninja.dsalgo.tests.linkedlist@1755e85b]" started-at="2021-11-08T22:49:34Z" name="linkedlist_testcase1" finished-at="2021-11-08T22:49:37Z" duration-ms="3776" status="PASS">
          <reporter-output>
            <line>
              <![CDATA[Test to Validate if user is able to launch Ds-algo Home page:]]>
            </line>
            <line>
              <![CDATA[User successfully navigated to home page]]>
            </line>
          </reporter-output>
        </test-method> <!-- linkedlist_testcase1 -->
        <test-method signature="linkedlist_testcase2(java.lang.String, java.lang.String)[pri:0, instance:com.numpy_ninja.dsalgo.tests.linkedlist@1755e85b]" started-at="2021-11-08T22:49:39Z" name="linkedlist_testcase2" data-provider="logindata" finished-at="2021-11-08T22:49:51Z" duration-ms="11912" status="PASS">
          <params>
            <param index="0">
              <value>
                <![CDATA[jeyanthiv]]>
              </value>
            </param>
            <param index="1">
              <value>
                <![CDATA[dsalgo123#]]>
              </value>
            </param>
          </params>
          <reporter-output>
            <line>
              <![CDATA[Test to Validate if user is able to login and launch the Linked List page by clicking GET STARTED button:]]>
            </line>
            <line>
              <![CDATA[User successfully navigated to Login Page]]>
            </line>
            <line>
              <![CDATA[Login Button clicked successfully]]>
            </line>
            <line>
              <![CDATA[Get Started button clicked successfully]]>
            </line>
            <line>
              <![CDATA[User successfully navigated to Linked List Page by clicking Get Started Button]]>
            </line>
          </reporter-output>
        </test-method> <!-- linkedlist_testcase2 -->
        <test-method signature="linkedlist_testcase3()[pri:0, instance:com.numpy_ninja.dsalgo.tests.linkedlist@1755e85b]" started-at="2021-11-08T22:49:51Z" name="linkedlist_testcase3" finished-at="2021-11-08T22:49:54Z" duration-ms="3612" status="PASS">
          <reporter-output>
            <line>
              <![CDATA[Test to Validate if user is able to login and launch the Linked List page by selecting the topic from dropdown:]]>
            </line>
            <line>
              <![CDATA[Linked list topic successfully selected from dropdown]]>
            </line>
            <line>
              <![CDATA[User successfully navigated to Linked List Page by selecting from dropdown]]>
            </line>
          </reporter-output>
        </test-method> <!-- linkedlist_testcase3 -->
        <test-method signature="linkedlist_testcase4()[pri:0, instance:com.numpy_ninja.dsalgo.tests.linkedlist@1755e85b]" started-at="2021-11-08T22:49:54Z" name="linkedlist_testcase4" finished-at="2021-11-08T22:49:57Z" duration-ms="2363" status="FAIL">
          <exception class="java.lang.AssertionError">
            <message>
              <![CDATA[expected [true] but found [false]]]>
            </message>
            <full-stacktrace>
              <![CDATA[java.lang.AssertionError: expected [true] but found [false]
at org.testng.Assert.fail(Assert.java:96)
at org.testng.Assert.failNotEquals(Assert.java:776)
at org.testng.Assert.assertTrue(Assert.java:44)
at org.testng.Assert.assertTrue(Assert.java:54)
at com.numpy_ninja.dsalgo.tests.linkedlist.linkedlist_testcase4(linkedlist.java:105)
at java.base/jdk.internal.reflect.NativeMethodAccessorImpl.invoke0(Native Method)
at java.base/jdk.internal.reflect.NativeMethodAccessorImpl.invoke(NativeMethodAccessorImpl.java:64)
at java.base/jdk.internal.reflect.DelegatingMethodAccessorImpl.invoke(DelegatingMethodAccessorImpl.java:43)
at java.base/java.lang.reflect.Method.invoke(Method.java:564)
at org.testng.internal.MethodInvocationHelper.invokeMethod(MethodInvocationHelper.java:124)
at org.testng.internal.Invoker.invokeMethod(Invoker.java:583)
at org.testng.internal.Invoker.invokeTestMethod(Invoker.java:719)
at org.testng.internal.Invoker.invokeTestMethods(Invoker.java:989)
at org.testng.internal.TestMethodWorker.invokeTestMethods(TestMethodWorker.java:125)
at org.testng.internal.TestMethodWorker.run(TestMethodWorker.java:109)
at org.testng.TestRunner.privateRun(TestRunner.java:648)
at org.testng.TestRunner.run(TestRunner.java:505)
at org.testng.SuiteRunner.runTest(SuiteRunner.java:455)
at org.testng.SuiteRunner.access$000(SuiteRunner.java:40)
at org.testng.SuiteRunner$SuiteWorker.run(SuiteRunner.java:489)
at org.testng.internal.thread.ThreadUtil$1.call(ThreadUtil.java:52)
at java.base/java.util.concurrent.FutureTask.run(FutureTask.java:264)
at java.base/java.util.concurrent.ThreadPoolExecutor.runWorker(ThreadPoolExecutor.java:1130)
at java.base/java.util.concurrent.ThreadPoolExecutor$Worker.run(ThreadPoolExecutor.java:630)
at java.base/java.lang.Thread.run(Thread.java:832)
]]>
            </full-stacktrace>
          </exception> <!-- java.lang.AssertionError -->
          <reporter-output>
            <line>
              <![CDATA[Test to validate if user is able to logout from Linked List page:]]>
            </line>
          </reporter-output>
        </test-method> <!-- linkedlist_testcase4 -->
        <test-method is-config="true" signature="afterTest()[pri:0, instance:com.numpy_ninja.dsalgo.tests.linkedlist@1755e85b]" started-at="2021-11-08T22:50:42Z" name="afterTest" finished-at="2021-11-08T22:50:43Z" duration-ms="849" status="PASS">
          <reporter-output>
          </reporter-output>
        </test-method> <!-- afterTest -->
        <test-method is-config="true" signature="afterTest()[pri:0, instance:com.numpy_ninja.dsalgo.tests.linkedlist_Introduction_Test@17cdf2d0]" started-at="2021-11-08T22:50:43Z" name="afterTest" finished-at="2021-11-08T22:50:43Z" duration-ms="1" status="FAIL">
          <exception class="org.openqa.selenium.NoSuchSessionException">
            <message>
              <![CDATA[Session ID is null. Using WebDriver after calling quit()?
Build info: version: '3.141.59', revision: 'e82be7d358', time: '2018-11-14T08:17:03'
System info: host: 'DESKTOP-QHTT137', ip: '192.168.1.80', os.name: 'Windows 10', os.arch: 'amd64', os.version: '10.0', java.version: '15.0.2'
Driver info: driver.version: RemoteWebDriver]]>
            </message>
            <full-stacktrace>
              <![CDATA[org.openqa.selenium.NoSuchSessionException: Session ID is null. Using WebDriver after calling quit()?
Build info: version: '3.141.59', revision: 'e82be7d358', time: '2018-11-14T08:17:03'
System info: host: 'DESKTOP-QHTT137', ip: '192.168.1.80', os.name: 'Windows 10', os.arch: 'amd64', os.version: '10.0', java.version: '15.0.2'
Driver info: driver.version: RemoteWebDriver
at org.openqa.selenium.remote.HttpCommandExecutor.execute(HttpCommandExecutor.java:125)
at org.openqa.selenium.remote.service.DriverCommandExecutor.execute(DriverCommandExecutor.java:83)
at org.openqa.selenium.remote.RemoteWebDriver.execute(RemoteWebDriver.java:552)
at org.openqa.selenium.remote.RemoteWebDriver.execute(RemoteWebDriver.java:609)
at org.openqa.selenium.remote.RemoteWebDriver.close(RemoteWebDriver.java:442)
at com.numpy_ninja.dsalgo.tests.linkedlist_Introduction_Test.afterTest(linkedlist_Introduction_Test.java:252)
at java.base/jdk.internal.reflect.NativeMethodAccessorImpl.invoke0(Native Method)
at java.base/jdk.internal.reflect.NativeMethodAccessorImpl.invoke(NativeMethodAccessorImpl.java:64)
at java.base/jdk.internal.reflect.DelegatingMethodAccessorImpl.invoke(DelegatingMethodAccessorImpl.java:43)
at java.base/java.lang.reflect.Method.invoke(Method.java:564)
at org.testng.internal.MethodInvocationHelper.invokeMethod(MethodInvocationHelper.java:124)
at org.testng.internal.MethodInvocationHelper.invokeMethodConsideringTimeout(MethodInvocationHelper.java:59)
at org.testng.internal.Invoker.invokeConfigurationMethod(Invoker.java:458)
at org.testng.internal.Invoker.invokeConfigurations(Invoker.java:222)
at org.testng.internal.Invoker.invokeConfigurations(Invoker.java:142)
at org.testng.TestRunner.afterRun(TestRunner.java:725)
at org.testng.TestRunner.run(TestRunner.java:509)
at org.testng.SuiteRunner.runTest(SuiteRunner.java:455)
at org.testng.SuiteRunner.access$000(SuiteRunner.java:40)
at org.testng.SuiteRunner$SuiteWorker.run(SuiteRunner.java:489)
at org.testng.internal.thread.ThreadUtil$1.call(ThreadUtil.java:52)
at java.base/java.util.concurrent.FutureTask.run(FutureTask.java:264)
at java.base/java.util.concurrent.ThreadPoolExecutor.runWorker(ThreadPoolExecutor.java:1130)
at java.base/java.util.concurrent.ThreadPoolExecutor$Worker.run(ThreadPoolExecutor.java:630)
at java.base/java.lang.Thread.run(Thread.java:832)
]]>
            </full-stacktrace>
          </exception> <!-- org.openqa.selenium.NoSuchSessionException -->
          <reporter-output>
          </reporter-output>
        </test-method> <!-- afterTest -->
      </class> <!-- com.numpy_ninja.dsalgo.tests.linkedlist -->
      <class name="com.numpy_ninja.dsalgo.tests.linkedlist_Introduction_Test">
        <test-method signature="linkedlist_Introduction_testcase1()[pri:1, instance:com.numpy_ninja.dsalgo.tests.linkedlist_Introduction_Test@17cdf2d0]" started-at="2021-11-08T22:49:57Z" name="linkedlist_Introduction_testcase1" finished-at="2021-11-08T22:50:00Z" duration-ms="2365" status="PASS">
          <reporter-output>
            <line>
              <![CDATA[Test to Validate if user is able to launch Ds-algo Home page:]]>
            </line>
            <line>
              <![CDATA[User successfully navigated to home page]]>
            </line>
          </reporter-output>
        </test-method> <!-- linkedlist_Introduction_testcase1 -->
        <test-method signature="linkedlist_Introduction_testcase2(java.lang.String, java.lang.String)[pri:2, instance:com.numpy_ninja.dsalgo.tests.linkedlist_Introduction_Test@17cdf2d0]" started-at="2021-11-08T22:50:00Z" name="linkedlist_Introduction_testcase2" data-provider="logindata" finished-at="2021-11-08T22:50:08Z" duration-ms="8380" status="PASS">
          <params>
            <param index="0">
              <value>
                <![CDATA[jeyanthiv]]>
              </value>
            </param>
            <param index="1">
              <value>
                <![CDATA[dsalgo123#]]>
              </value>
            </param>
          </params>
          <reporter-output>
            <line>
              <![CDATA[Test to Validate if user is able to login and launch the Linked List page by clicking GET STARTED button:]]>
            </line>
            <line>
              <![CDATA[User successfully navigated to Login Page]]>
            </line>
            <line>
              <![CDATA[Login Button clicked successfully]]>
            </line>
            <line>
              <![CDATA[Get Started button clicked successfully]]>
            </line>
            <line>
              <![CDATA[User successfully navigated to Linked List Page by clicking Get Started Button]]>
            </line>
          </reporter-output>
        </test-method> <!-- linkedlist_Introduction_testcase2 -->
        <test-method signature="linkedlist_Introduction_testcase3()[pri:3, instance:com.numpy_ninja.dsalgo.tests.linkedlist_Introduction_Test@17cdf2d0]" started-at="2021-11-08T22:50:08Z" name="linkedlist_Introduction_testcase3" finished-at="2021-11-08T22:50:13Z" duration-ms="4482" status="PASS">
          <reporter-output>
            <line>
              <![CDATA[Test to validate if user is able to launch the Introduction page from linked list]]>
            </line>
            <line>
              <![CDATA[Introduction link clicked successfully]]>
            </line>
            <line>
              <![CDATA[User successfully navigated to Linked List Introduction page.]]>
            </line>
          </reporter-output>
        </test-method> <!-- linkedlist_Introduction_testcase3 -->
        <test-method signature="linkedlist_Introduction_testcase4()[pri:4, instance:com.numpy_ninja.dsalgo.tests.linkedlist_Introduction_Test@17cdf2d0]" started-at="2021-11-08T22:50:13Z" name="linkedlist_Introduction_testcase4" finished-at="2021-11-08T22:50:15Z" duration-ms="2407" status="PASS">
          <reporter-output>
            <line>
              <![CDATA[User successfully navigated to Creating Linked List page from Introduction page.]]>
            </line>
          </reporter-output>
        </test-method> <!-- linkedlist_Introduction_testcase4 -->
        <test-method signature="linkedlist_Introduction_testcase5()[pri:5, instance:com.numpy_ninja.dsalgo.tests.linkedlist_Introduction_Test@17cdf2d0]" started-at="2021-11-08T22:50:15Z" name="linkedlist_Introduction_testcase5" finished-at="2021-11-08T22:50:17Z" duration-ms="2139" status="PASS">
          <reporter-output>
            <line>
              <![CDATA[Test to validate if user able to launch Try Editor Page]]>
            </line>
            <line>
              <![CDATA[Try Here Button clicked successfully]]>
            </line>
            <line>
              <![CDATA[User successfully navigated to Editor Page/Assessment page.]]>
            </line>
          </reporter-output>
        </test-method> <!-- linkedlist_Introduction_testcase5 -->
        <test-method signature="linkedlist_Introduction_testcase6()[pri:6, instance:com.numpy_ninja.dsalgo.tests.linkedlist_Introduction_Test@17cdf2d0]" started-at="2021-11-08T22:50:17Z" name="linkedlist_Introduction_testcase6" finished-at="2021-11-08T22:50:20Z" duration-ms="3190" status="FAIL">
          <exception class="java.lang.AssertionError">
            <message>
              <![CDATA[expected [true] but found [false]]]>
            </message>
            <full-stacktrace>
              <![CDATA[java.lang.AssertionError: expected [true] but found [false]
at org.testng.Assert.fail(Assert.java:96)
at org.testng.Assert.failNotEquals(Assert.java:776)
at org.testng.Assert.assertEqualsImpl(Assert.java:137)
at org.testng.Assert.assertEquals(Assert.java:118)
at org.testng.Assert.assertEquals(Assert.java:568)
at org.testng.Assert.assertEquals(Assert.java:578)
at com.numpy_ninja.dsalgo.tests.linkedlist_Introduction_Test.linkedlist_Introduction_testcase6(linkedlist_Introduction_Test.java:166)
at java.base/jdk.internal.reflect.NativeMethodAccessorImpl.invoke0(Native Method)
at java.base/jdk.internal.reflect.NativeMethodAccessorImpl.invoke(NativeMethodAccessorImpl.java:64)
at java.base/jdk.internal.reflect.DelegatingMethodAccessorImpl.invoke(DelegatingMethodAccessorImpl.java:43)
at java.base/java.lang.reflect.Method.invoke(Method.java:564)
at org.testng.internal.MethodInvocationHelper.invokeMethod(MethodInvocationHelper.java:124)
at org.testng.internal.Invoker.invokeMethod(Invoker.java:583)
at org.testng.internal.Invoker.invokeTestMethod(Invoker.java:719)
at org.testng.internal.Invoker.invokeTestMethods(Invoker.java:989)
at org.testng.internal.TestMethodWorker.invokeTestMethods(TestMethodWorker.java:125)
at org.testng.internal.TestMethodWorker.run(TestMethodWorker.java:109)
at org.testng.TestRunner.privateRun(TestRunner.java:648)
at org.testng.TestRunner.run(TestRunner.java:505)
at org.testng.SuiteRunner.runTest(SuiteRunner.java:455)
at org.testng.SuiteRunner.access$000(SuiteRunner.java:40)
at org.testng.SuiteRunner$SuiteWorker.run(SuiteRunner.java:489)
at org.testng.internal.thread.ThreadUtil$1.call(ThreadUtil.java:52)
at java.base/java.util.concurrent.FutureTask.run(FutureTask.java:264)
at java.base/java.util.concurrent.ThreadPoolExecutor.runWorker(ThreadPoolExecutor.java:1130)
at java.base/java.util.concurrent.ThreadPoolExecutor$Worker.run(ThreadPoolExecutor.java:630)
at java.base/java.lang.Thread.run(Thread.java:832)
]]>
            </full-stacktrace>
          </exception> <!-- java.lang.AssertionError -->
          <reporter-output>
            <line>
              <![CDATA[Test to validate if alert popped if user tries to run without enterig code]]>
            </line>
            <line>
              <![CDATA[Run Button clicked successfully]]>
            </line>
          </reporter-output>
        </test-method> <!-- linkedlist_Introduction_testcase6 -->
        <test-method signature="linkedlist_Introduction_testcase7()[pri:7, instance:com.numpy_ninja.dsalgo.tests.linkedlist_Introduction_Test@17cdf2d0]" started-at="2021-11-08T22:50:21Z" name="linkedlist_Introduction_testcase7" finished-at="2021-11-08T22:50:29Z" duration-ms="8310" status="PASS">
          <reporter-output>
            <line>
              <![CDATA[Test to validate if user able to enter valid code , click Run and see the output]]>
            </line>
            <line>
              <![CDATA[Code is written successfully in the editor form]]>
            </line>
            <line>
              <![CDATA[Run Button clicked successfully]]>
            </line>
            <line>
              <![CDATA[Output for the code is displayed successfully]]>
            </line>
          </reporter-output>
        </test-method> <!-- linkedlist_Introduction_testcase7 -->
        <test-method signature="linkedlist_Introduction_testcase8()[pri:8, instance:com.numpy_ninja.dsalgo.tests.linkedlist_Introduction_Test@17cdf2d0]" started-at="2021-11-08T22:50:29Z" name="linkedlist_Introduction_testcase8" finished-at="2021-11-08T22:50:37Z" duration-ms="8263" status="PASS">
          <reporter-output>
            <line>
              <![CDATA[Test to validate if alert is popped when user tries to run invalid code]]>
            </line>
            <line>
              <![CDATA[Code is written successfully in the editor form]]>
            </line>
            <line>
              <![CDATA[Run Button clicked successfully]]>
            </line>
            <line>
              <![CDATA[Alert is popped successfully]]>
            </line>
          </reporter-output>
        </test-method> <!-- linkedlist_Introduction_testcase8 -->
        <test-method signature="linkedlist_Introduction_testcase9()[pri:9, instance:com.numpy_ninja.dsalgo.tests.linkedlist_Introduction_Test@17cdf2d0]" started-at="2021-11-08T22:50:37Z" name="linkedlist_Introduction_testcase9" finished-at="2021-11-08T22:50:39Z" duration-ms="1584" status="PASS">
          <reporter-output>
            <line>
              <![CDATA[User successfully navigated to Practice questions Page.]]>
            </line>
          </reporter-output>
        </test-method> <!-- linkedlist_Introduction_testcase9 -->
        <test-method signature="linkedlist_Introduction_testcase10()[pri:10, instance:com.numpy_ninja.dsalgo.tests.linkedlist_Introduction_Test@17cdf2d0]" started-at="2021-11-08T22:50:39Z" name="linkedlist_Introduction_testcase10" finished-at="2021-11-08T22:50:42Z" duration-ms="3466" status="PASS">
          <reporter-output>
            <line>
              <![CDATA[Test to validate if user is able to logout from Linked List introduction page:]]>
            </line>
            <line>
              <![CDATA[Navigating back to Introduction page]]>
            </line>
            <line>
              <![CDATA[User is logged out Successfully from Linked List Introduction Page]]>
            </line>
          </reporter-output>
        </test-method> <!-- linkedlist_Introduction_testcase10 -->
      </class> <!-- com.numpy_ninja.dsalgo.tests.linkedlist_Introduction_Test -->
    </test> <!-- dsalgo-linkedlistTestintro -->
  </suite> <!-- Suite -->
</testng-results>
